<ERROR_BLOCK>
errorInfo: Object of class stdClass could not be converted to string
errorFile: IWEB_PATH/controllers/ucenter.php
errorLine: 914
errorCode: 4096
errorTime: 2018-11-04 19:20:53
#0 : Ucenter->shou()
#1 IWEB_PATH/lib/web/action/inline_action.php(24): call_user_func()
#2 IWEB_PATH/lib/web/controller/controller_class.php(115): IInlineAction->run()
#3 IWEB_PATH/lib/core/webapplication_class.php(75): IController->run(shou)
#4 IWEB_PATH/lib/core/application_class.php(94): IWebApplication->execRequest()
#5 IWEB_PATH/index.php(5): IApplication->run()
</ERROR_BLOCK>

<ERROR_BLOCK>
errorInfo: Object of class stdClass could not be converted to string
errorFile: IWEB_PATH/controllers/ucenter.php
errorLine: 914
errorCode: 4096
errorTime: 2018-11-04 19:21:09
#0 : Ucenter->shou()
#1 IWEB_PATH/lib/web/action/inline_action.php(24): call_user_func()
#2 IWEB_PATH/lib/web/controller/controller_class.php(115): IInlineAction->run()
#3 IWEB_PATH/lib/core/webapplication_class.php(75): IController->run(shou)
#4 IWEB_PATH/lib/core/application_class.php(94): IWebApplication->execRequest()
#5 IWEB_PATH/index.php(5): IApplication->run()
</ERROR_BLOCK>

<ERROR_BLOCK>
errorInfo: Object of class stdClass could not be converted to string
errorFile: IWEB_PATH/controllers/ucenter.php
errorLine: 914
errorCode: 4096
errorTime: 2018-11-04 19:21:20
#0 : Ucenter->shou()
#1 IWEB_PATH/lib/web/action/inline_action.php(24): call_user_func()
#2 IWEB_PATH/lib/web/controller/controller_class.php(115): IInlineAction->run()
#3 IWEB_PATH/lib/core/webapplication_class.php(75): IController->run(shou)
#4 IWEB_PATH/lib/core/application_class.php(94): IWebApplication->execRequest()
#5 IWEB_PATH/index.php(5): IApplication->run()
</ERROR_BLOCK>

<ERROR_BLOCK>
errorInfo: Object of class stdClass could not be converted to string
errorFile: IWEB_PATH/controllers/ucenter.php
errorLine: 914
errorCode: 4096
errorTime: 2018-11-04 19:22:21
#0 : Ucenter->shou()
#1 IWEB_PATH/lib/web/action/inline_action.php(24): call_user_func()
#2 IWEB_PATH/lib/web/controller/controller_class.php(115): IInlineAction->run()
#3 IWEB_PATH/lib/core/webapplication_class.php(75): IController->run(shou)
#4 IWEB_PATH/lib/core/application_class.php(94): IWebApplication->execRequest()
#5 IWEB_PATH/index.php(5): IApplication->run()
</ERROR_BLOCK>

